2014-04-18 10:25:35,956 - Mock Version: 1.1.38
2014-04-18 10:25:35,959 - Start: unpacking root cache
2014-04-18 10:25:50,192 - Finish: unpacking root cache
2014-04-18 10:25:50,193 - Start: cleaning yum metadata
2014-04-18 10:25:52,721 - Finish: cleaning yum metadata
2014-04-18 10:26:10,416 - Start: device setup
2014-04-18 10:26:10,431 - Finish: device setup
2014-04-18 10:26:10,431 - Start: yum update
2014-04-18 10:26:40,017 - Finish: yum update
2014-04-18 10:26:40,813 - Finish: lock buildroot
2014-04-18 10:26:40,813 - Finish: chroot init
2014-04-18 10:26:41,143 - Start: buildsrpm
2014-04-18 10:26:41,161 - Start: rpmbuild -bs
2014-04-18 10:26:41,285 - Finish: rpmbuild -bs
2014-04-18 10:26:41,350 - Finish: buildsrpm
2014-04-18 10:26:41,350 - Start: lock buildroot
2014-04-18 10:26:41,351 - Start: clean chroot
2014-04-18 10:26:42,078 - Finish: clean chroot
2014-04-18 10:26:42,078 - Finish: lock buildroot
2014-04-18 10:26:42,079 - Finish: run
